<?xml version="1.0" encoding="UTF-8"?>
<!-- Generated by org.testng.reporters.JUnitReportReporter -->
<testsuite skipped="0" hostname="DESKTOP-AV8S3P8" name="com.atmecs.testscript.TestScript" tests="1" failures="0" timestamp="2020-04-17T19:59:22 IST" time="53.270" errors="0">
  <testcase name="action" time="53.270" classname="com.atmecs.testscript.TestScript"/>
  <system-out/>
</testsuite> <!-- com.atmecs.testscript.TestScript -->
